:compileJava UP-TO-DATE
:compileGroovy
:processResources UP-TO-DATE
:classes
:summarizeResults
[guitar05.cs.umd.edu, 37017, amalga_jenkins-generate-random-19, amalga_JabRef_efg-random, 5624e9fae4b02992deb2182b]
Connected to DB amalga_jenkins-generate-random-19
Working with result ID 5624e9fae4b02992deb2182b
10000 test cases in suite amalga_JabRef_efg-random
Results from bundles [92, 97]
[t_e3493675024_e2063383582_e103778092, t_e3493675024_e2063383582_e103778092, t_e1564743240_e80752362_e156642600, t_e1564743240_e80752362_e156642600, t_e1726471230_e3032911258_e1558153762, t_e1726471230_e3032911258_e1558153762, t_e3865657732_e2433668122_e734906648, t_e3865657732_e2433668122_e734906648, t_e2063381722_e3472688736_e1160426780, t_e2063381722_e3472688736_e1160426780]
Test results summary: 5072 pass, 3191 fail, 1737 inconsistent
First 5 inconsistent results
t_e2063383210_e454903172_e647734306
t_e3002106348_e707101380_e1651716110
t_e3404558410_e371982812_e1564745100
t_e1050128096_e80752362_e1564745286
t_e4230996158_e1564744914_e3749522112

BUILD SUCCESSFUL

Total time: 9.409 secs
